Traceback (most recent call last):
  File "D:\projectLQ\1_my_github_project\my_python_project\2_merge_excel\venv\lib\site-packages\pandas\compat\_optional.py", line 142, in import_optional_dependency
    module = importlib.import_module(name)
  File "D:\professionSoftwareInstall\python\lib\importlib\__init__.py", line 126, in import_module
    return _bootstrap._gcd_import(name[level:], package, level)
  File "<frozen importlib._bootstrap>", line 1050, in _gcd_import
  File "<frozen importlib._bootstrap>", line 1027, in _find_and_load
  File "<frozen importlib._bootstrap>", line 1004, in _find_and_load_unlocked
ModuleNotFoundError: No module named 'openpyxl'

During handling of the above exception, another exception occurred:

Traceback (most recent call last):
  File "D:\professionSoftwareInstall\pycharm\PyCharm Community Edition 2022.3.2\plugins\python-ce\helpers\pydev\pydevd.py", line 1496, in _exec
    pydev_imports.execfile(file, globals, locals)  # execute the script
  File "D:\professionSoftwareInstall\pycharm\PyCharm Community Edition 2022.3.2\plugins\python-ce\helpers\pydev\_pydev_imps\_pydev_execfile.py", line 18, in execfile
    exec(compile(contents+"\n", file, 'exec'), glob, loc)
  File "D:\projectLQ\1_my_github_project\my_python_project\2_merge_excel\merge_more_sheet_from_different_excel.py", line 27, in <module>
    df1 = pd.read_excel(first_excel_path,sheet_name=None)
  File "D:\projectLQ\1_my_github_project\my_python_project\2_merge_excel\venv\lib\site-packages\pandas\io\excel\_base.py", line 478, in read_excel
    io = ExcelFile(io, storage_options=storage_options, engine=engine)
  File "D:\projectLQ\1_my_github_project\my_python_project\2_merge_excel\venv\lib\site-packages\pandas\io\excel\_base.py", line 1513, in __init__
    self._reader = self._engines[engine](self._io, storage_options=storage_options)
  File "D:\projectLQ\1_my_github_project\my_python_project\2_merge_excel\venv\lib\site-packages\pandas\io\excel\_openpyxl.py", line 548, in __init__
    import_optional_dependency("openpyxl")
  File "D:\projectLQ\1_my_github_project\my_python_project\2_merge_excel\venv\lib\site-packages\pandas\compat\_optional.py", line 145, in import_optional_dependency
    raise ImportError(msg)
ImportError: Missing optional dependency 'openpyxl'.  Use pip or conda to install openpyxl.
